0 info it worked if it ends with ok
1 verbose cli [ 'c:\\Program Files (x86)\\nodejs\\node.exe',
1 verbose cli   'c:\\Program Files (x86)\\nodejs\\node_modules\\npm\\bin\\npm-cli.js',
1 verbose cli   'link' ]
2 info using npm@2.14.2
3 info using node@v4.0.0
4 verbose linkPkg c:\Users\Iegor\desktop\pty.js
5 silly gentlyRm C:\Users\Iegor\AppData\Roaming\npm\node_modules\pty.js is being purged
6 verbose gentlyRm don't care about contents; nuking C:\Users\Iegor\AppData\Roaming\npm\node_modules\pty.js
7 silly vacuum-fs purging C:\Users\Iegor\AppData\Roaming\npm\node_modules\pty.js
8 silly vacuum-fs quitting because other entries in C:\Users\Iegor\AppData\Roaming\npm\node_modules
9 verbose link build target C:\Users\Iegor\AppData\Roaming\npm\node_modules\pty.js
10 verbose install where, what [ 'c:\\Users\\Iegor\\desktop\\pty.js', [] ]
11 verbose readDependencies loading dependencies from c:\Users\Iegor\desktop\pty.js\package.json
12 verbose install where, deps [ 'c:\\Users\\Iegor\\desktop\\pty.js',
12 verbose install   [ 'extend', 'nan', 'mocha' ] ]
13 verbose install where, peers [ 'c:\\Users\\Iegor\\desktop\\pty.js', [] ]
14 verbose installManyTop reading for lifecycle c:\Users\Iegor\desktop\pty.js\package.json
15 info preinstall pty.js@0.3.0
16 verbose installManyTop reading scoped package data from c:\Users\Iegor\desktop\pty.js\node_modules\extend\package.json
17 verbose installManyTop reading scoped package data from c:\Users\Iegor\desktop\pty.js\node_modules\mocha\package.json
18 verbose installManyTop reading scoped package data from c:\Users\Iegor\desktop\pty.js\node_modules\nan\package.json
19 info package.json mocha@1.17.1 No license field.
20 info package.json extend@1.2.1 No license field.
21 verbose readDependencies loading dependencies from c:\Users\Iegor\desktop\pty.js\package.json
22 verbose targetResolver reading package data from c:\Users\Iegor\desktop\pty.js\node_modules\extend\package.json
23 verbose targetResolver reading package data from c:\Users\Iegor\desktop\pty.js\node_modules\mocha\package.json
24 verbose targetResolver reading package data from c:\Users\Iegor\desktop\pty.js\node_modules\nan\package.json
25 verbose targetResolver reading package data from c:\Users\Iegor\desktop\pty.js\node_modules\.bin\mocha\package.json
26 verbose targetResolver reading package data from c:\Users\Iegor\desktop\pty.js\node_modules\.bin\mocha.cmd\package.json
27 verbose already installed skipping mocha@~1.17.1 c:\Users\Iegor\desktop\pty.js
28 verbose already installed skipping extend@~1.2.1 c:\Users\Iegor\desktop\pty.js
29 verbose already installed skipping nan@2.0.5 c:\Users\Iegor\desktop\pty.js
30 silly install resolved []
31 info build c:\Users\Iegor\desktop\pty.js
32 info linkStuff pty.js@0.3.0
33 silly linkStuff pty.js@0.3.0 has c:\Users\Iegor\desktop as its parent node_modules
34 verbose linkBins pty.js@0.3.0
35 verbose linkMans pty.js@0.3.0
36 verbose rebuildBundles pty.js@0.3.0
37 verbose rebuildBundles [ '.bin', 'extend', 'mocha', 'nan' ]
38 info install pty.js@0.3.0
39 verbose unsafe-perm in lifecycle true
40 info pty.js@0.3.0 Failed to exec install script
41 verbose stack Error: pty.js@0.3.0 install: `node-gyp rebuild`
41 verbose stack Exit status 1
41 verbose stack     at EventEmitter.<anonymous> (c:\Program Files (x86)\nodejs\node_modules\npm\lib\utils\lifecycle.js:214:16)
41 verbose stack     at emitTwo (events.js:87:13)
41 verbose stack     at EventEmitter.emit (events.js:172:7)
41 verbose stack     at ChildProcess.<anonymous> (c:\Program Files (x86)\nodejs\node_modules\npm\lib\utils\spawn.js:24:14)
41 verbose stack     at emitTwo (events.js:87:13)
41 verbose stack     at ChildProcess.emit (events.js:172:7)
41 verbose stack     at maybeClose (internal/child_process.js:817:16)
41 verbose stack     at Process.ChildProcess._handle.onexit (internal/child_process.js:211:5)
42 verbose pkgid pty.js@0.3.0
43 verbose cwd c:\Users\Iegor\desktop\pty.js
44 error Windows_NT 6.1.7601
45 error argv "c:\\Program Files (x86)\\nodejs\\node.exe" "c:\\Program Files (x86)\\nodejs\\node_modules\\npm\\bin\\npm-cli.js" "link"
46 error node v4.0.0
47 error npm  v2.14.2
48 error code ELIFECYCLE
49 error pty.js@0.3.0 install: `node-gyp rebuild`
49 error Exit status 1
50 error Failed at the pty.js@0.3.0 install script 'node-gyp rebuild'.
50 error This is most likely a problem with the pty.js package,
50 error not with npm itself.
50 error Tell the author that this fails on your system:
50 error     node-gyp rebuild
50 error You can get their info via:
50 error     npm owner ls pty.js
50 error There is likely additional logging output above.
51 verbose exit [ 1, true ]
